
> react-typescript-starter@0.1.0 test
> react-scripts test --coverage

Browserslist: caniuse-lite is outdated. Please run:
  npx browserslist@latest --update-db
  Why you should do it regularly: https://github.com/browserslist/browserslist#browsers-data-updating
PASS src/arrays.test.ts
PASS src/objects.test.ts
PASS src/HtmlCss.test.tsx
PASS src/functions.test.ts
PASS src/text.test.tsx
PASS src/App.test.tsx
----------------|---------|----------|---------|---------|-------------------
File            | % Stmts | % Branch | % Funcs | % Lines | Uncovered Line #s 
----------------|---------|----------|---------|---------|-------------------
All files       |   97.79 |     93.9 |     100 |   97.67 |                   
 src            |   97.79 |     93.9 |     100 |   97.67 |                   
  App.tsx       |     100 |      100 |     100 |     100 |                   
  arrays.ts     |     100 |      100 |     100 |     100 |                   
  functions.ts  |   86.95 |       90 |     100 |   86.95 | 24,26,32          
  objects.ts    |     100 |    92.85 |     100 |     100 | 57                
 src/interfaces |       0 |        0 |       0 |       0 |                   
  question.ts   |       0 |        0 |       0 |       0 |                   
----------------|---------|----------|---------|---------|-------------------

Test Suites: 6 passed, 6 total
Tests:       33 passed, 33 total
Snapshots:   0 total
Time:        4.365 s
Ran all test suites.
